Build started 20.12.2017 22:24:56.
     1>Project "D:\3 курс\Екзамени (1 семестр)\Алгоритми\Exam\Exam\Exam.vcxproj" on node 2 (build target(s)).
     1>InitializeBuildStatus:
         Creating "Debug\Exam.unsuccessfulbuild" because "AlwaysCreate" was specified.
       ClCompile:
         All outputs are up-to-date.
         C:\Program Files (x86)\Microsoft Visual Studio 10.0\VC\bin\CL.exe /c /ZI /nologo /W3 /WX- /Od /Oy- /D WIN32 /D _DEBUG /D _CONSOLE /D _UNICODE /D UNICODE /Gm /EHsc /RTC1 /MDd /GS /fp:precise /Zc:wchar_t /Zc:forScope /Yu"StdAfx.h" /Fp"Debug\Exam.pch" /Fo"Debug\\" /Fd"Debug\vc100.pdb" /Gd /TP /analyze- /errorReport:prompt Exam.cpp
         Exam.cpp
       ManifestResourceCompile:
         All outputs are up-to-date.
       Link:
         C:\Program Files (x86)\Microsoft Visual Studio 10.0\VC\bin\link.exe /ERRORREPORT:PROMPT /OUT:"D:\3 курс\Екзамени (1 семестр)\Алгоритми\Exam\Debug\Exam.exe" /INCREMENTAL /NOLOGO kernel32.lib user32.lib gdi32.lib winspool.lib comdlg32.lib advapi32.lib shell32.lib ole32.lib oleaut32.lib uuid.lib odbc32.lib odbccp32.lib /MANIFEST /ManifestFile:"Debug\Exam.exe.intermediate.manifest" /MANIFESTUAC:"level='asInvoker' uiAccess='false'" /DEBUG /PDB:"D:\3 курс\Екзамени (1 семестр)\Алгоритми\Exam\Debug\Exam.pdb" /SUBSYSTEM:CONSOLE /TLBID:1 /DYNAMICBASE /NXCOMPAT /IMPLIB:"D:\3 курс\Екзамени (1 семестр)\Алгоритми\Exam\Debug\Exam.lib" /MACHINE:X86 Debug\Exam.exe.embed.manifest.res
         Debug\Exam.obj
         Debug\stdafx.obj
       Manifest:
         C:\Program Files (x86)\Microsoft SDKs\Windows\v7.0A\bin\mt.exe /nologo /verbose /out:"Debug\Exam.exe.embed.manifest" /manifest Debug\Exam.exe.intermediate.manifest
         All outputs are up-to-date.
       LinkEmbedManifest:
         All outputs are up-to-date.
         Exam.vcxproj -> D:\3 курс\Екзамени (1 семестр)\Алгоритми\Exam\Debug\Exam.exe
       FinalizeBuildStatus:
         Deleting file "Debug\Exam.unsuccessfulbuild".
         Touching "Debug\Exam.lastbuildstate".
     1>Done Building Project "D:\3 курс\Екзамени (1 семестр)\Алгоритми\Exam\Exam\Exam.vcxproj" (build target(s)).

Build succeeded.

Time Elapsed 00:00:00.69
